ARM GAS  C:\Users\BLACK_~1\AppData\Local\Temp\cc9Zapdh.s 			page 1


   1              		.cpu cortex-m3
   2              		.arch armv7-m
   3              		.fpu softvfp
   4              		.eabi_attribute 20, 1
   5              		.eabi_attribute 21, 1
   6              		.eabi_attribute 23, 3
   7              		.eabi_attribute 24, 1
   8              		.eabi_attribute 25, 1
   9              		.eabi_attribute 26, 1
  10              		.eabi_attribute 30, 1
  11              		.eabi_attribute 34, 1
  12              		.eabi_attribute 18, 4
  13              		.file	"main.c"
  14              		.text
  15              	.Ltext0:
  16              		.cfi_sections	.debug_frame
  17              		.section	.text.MX_GPIO_Init,"ax",%progbits
  18              		.align	1
  19              		.syntax unified
  20              		.thumb
  21              		.thumb_func
  23              	MX_GPIO_Init:
  24              	.LFB70:
  25              		.file 1 "Core/Src/main.c"
   1:Core/Src/main.c **** /* USER CODE BEGIN Header */
   2:Core/Src/main.c **** /**
   3:Core/Src/main.c ****   ******************************************************************************
   4:Core/Src/main.c ****   * @file           : main.c
   5:Core/Src/main.c ****   * @brief          : Main program body
   6:Core/Src/main.c ****   ******************************************************************************
   7:Core/Src/main.c ****   * @attention
   8:Core/Src/main.c ****   *
   9:Core/Src/main.c ****   * <h2><center>&copy; Copyright (c) 2023 STMicroelectronics.
  10:Core/Src/main.c ****   * All rights reserved.</center></h2>
  11:Core/Src/main.c ****   *
  12:Core/Src/main.c ****   * This software component is licensed by ST under BSD 3-Clause license,
  13:Core/Src/main.c ****   * the "License"; You may not use this file except in compliance with the
  14:Core/Src/main.c ****   * License. You may obtain a copy of the License at:
  15:Core/Src/main.c ****   *                        opensource.org/licenses/BSD-3-Clause
  16:Core/Src/main.c ****   *
  17:Core/Src/main.c ****   ******************************************************************************
  18:Core/Src/main.c ****   */
  19:Core/Src/main.c **** /* USER CODE END Header */
  20:Core/Src/main.c **** /* Includes ------------------------------------------------------------------*/
  21:Core/Src/main.c **** #include "main.h"
  22:Core/Src/main.c **** #include "usb_device.h"
  23:Core/Src/main.c **** 
  24:Core/Src/main.c **** /* Private includes ----------------------------------------------------------*/
  25:Core/Src/main.c **** /* USER CODE BEGIN Includes */
  26:Core/Src/main.c **** 
  27:Core/Src/main.c **** /* USER CODE END Includes */
  28:Core/Src/main.c **** 
  29:Core/Src/main.c **** /* Private typedef -----------------------------------------------------------*/
  30:Core/Src/main.c **** /* USER CODE BEGIN PTD */
  31:Core/Src/main.c **** int _write(int file, char *data, int len);
  32:Core/Src/main.c **** 
  33:Core/Src/main.c **** /* USER CODE END PTD */
ARM GAS  C:\Users\BLACK_~1\AppData\Local\Temp\cc9Zapdh.s 			page 2


  34:Core/Src/main.c **** 
  35:Core/Src/main.c **** /* Private define ------------------------------------------------------------*/
  36:Core/Src/main.c **** /* USER CODE BEGIN PD */
  37:Core/Src/main.c **** /* USER CODE END PD */
  38:Core/Src/main.c **** 
  39:Core/Src/main.c **** /* Private macro -------------------------------------------------------------*/
  40:Core/Src/main.c **** /* USER CODE BEGIN PM */
  41:Core/Src/main.c **** 
  42:Core/Src/main.c **** /* USER CODE END PM */
  43:Core/Src/main.c **** 
  44:Core/Src/main.c **** /* Private variables ---------------------------------------------------------*/
  45:Core/Src/main.c **** 
  46:Core/Src/main.c **** /* USER CODE BEGIN PV */
  47:Core/Src/main.c **** 
  48:Core/Src/main.c **** /* USER CODE END PV */
  49:Core/Src/main.c **** 
  50:Core/Src/main.c **** /* Private function prototypes -----------------------------------------------*/
  51:Core/Src/main.c **** void SystemClock_Config(void);
  52:Core/Src/main.c **** static void MX_GPIO_Init(void);
  53:Core/Src/main.c **** /* USER CODE BEGIN PFP */
  54:Core/Src/main.c **** 
  55:Core/Src/main.c **** /* USER CODE END PFP */
  56:Core/Src/main.c **** 
  57:Core/Src/main.c **** /* Private user code ---------------------------------------------------------*/
  58:Core/Src/main.c **** /* USER CODE BEGIN 0 */
  59:Core/Src/main.c **** 
  60:Core/Src/main.c **** /* USER CODE END 0 */
  61:Core/Src/main.c **** 
  62:Core/Src/main.c **** /**
  63:Core/Src/main.c ****   * @brief  The application entry point.
  64:Core/Src/main.c ****   * @retval int
  65:Core/Src/main.c ****   */
  66:Core/Src/main.c **** int main(void)
  67:Core/Src/main.c **** {
  68:Core/Src/main.c ****   /* USER CODE BEGIN 1 */
  69:Core/Src/main.c **** 
  70:Core/Src/main.c ****   /* USER CODE END 1 */
  71:Core/Src/main.c **** 
  72:Core/Src/main.c ****   /* MCU Configuration--------------------------------------------------------*/
  73:Core/Src/main.c **** 
  74:Core/Src/main.c ****   /* Reset of all peripherals, Initializes the Flash interface and the Systick. */
  75:Core/Src/main.c ****   HAL_Init();
  76:Core/Src/main.c **** 
  77:Core/Src/main.c ****   /* USER CODE BEGIN Init */
  78:Core/Src/main.c **** 
  79:Core/Src/main.c ****   /* USER CODE END Init */
  80:Core/Src/main.c **** 
  81:Core/Src/main.c ****   /* Configure the system clock */
  82:Core/Src/main.c ****   SystemClock_Config();
  83:Core/Src/main.c **** 
  84:Core/Src/main.c ****   /* USER CODE BEGIN SysInit */
  85:Core/Src/main.c **** 
  86:Core/Src/main.c ****   /* USER CODE END SysInit */
  87:Core/Src/main.c **** 
  88:Core/Src/main.c ****   /* Initialize all configured peripherals */
  89:Core/Src/main.c ****   MX_GPIO_Init();
  90:Core/Src/main.c ****   MX_USB_DEVICE_Init();
ARM GAS  C:\Users\BLACK_~1\AppData\Local\Temp\cc9Zapdh.s 			page 3


  91:Core/Src/main.c ****   /* USER CODE BEGIN 2 */
  92:Core/Src/main.c ****   HAL_Delay(2000);
  93:Core/Src/main.c ****   printf("usb ready\n");
  94:Core/Src/main.c ****   /* USER CODE END 2 */
  95:Core/Src/main.c **** 
  96:Core/Src/main.c ****   /* Infinite loop */
  97:Core/Src/main.c ****   /* USER CODE BEGIN WHILE */
  98:Core/Src/main.c ****   while (1)
  99:Core/Src/main.c ****   {
 100:Core/Src/main.c ****     HAL_GPIO_TogglePin(GPIOC, GPIO_PIN_13);
 101:Core/Src/main.c ****     printf("chao cau!\n");
 102:Core/Src/main.c ****     HAL_Delay(1000);
 103:Core/Src/main.c ****     /* USER CODE END WHILE */
 104:Core/Src/main.c **** 
 105:Core/Src/main.c ****     /* USER CODE BEGIN 3 */
 106:Core/Src/main.c ****   }
 107:Core/Src/main.c ****   /* USER CODE END 3 */
 108:Core/Src/main.c **** }
 109:Core/Src/main.c **** 
 110:Core/Src/main.c **** /**
 111:Core/Src/main.c ****   * @brief System Clock Configuration
 112:Core/Src/main.c ****   * @retval None
 113:Core/Src/main.c ****   */
 114:Core/Src/main.c **** void SystemClock_Config(void)
 115:Core/Src/main.c **** {
 116:Core/Src/main.c ****   RCC_OscInitTypeDef RCC_OscInitStruct = {0};
 117:Core/Src/main.c ****   RCC_ClkInitTypeDef RCC_ClkInitStruct = {0};
 118:Core/Src/main.c ****   RCC_PeriphCLKInitTypeDef PeriphClkInit = {0};
 119:Core/Src/main.c **** 
 120:Core/Src/main.c ****   /** Initializes the RCC Oscillators according to the specified parameters
 121:Core/Src/main.c ****   * in the RCC_OscInitTypeDef structure.
 122:Core/Src/main.c ****   */
 123:Core/Src/main.c ****   RCC_OscInitStruct.OscillatorType = RCC_OSCILLATORTYPE_HSE;
 124:Core/Src/main.c ****   RCC_OscInitStruct.HSEState = RCC_HSE_ON;
 125:Core/Src/main.c ****   RCC_OscInitStruct.HSEPredivValue = RCC_HSE_PREDIV_DIV1;
 126:Core/Src/main.c ****   RCC_OscInitStruct.HSIState = RCC_HSI_ON;
 127:Core/Src/main.c ****   RCC_OscInitStruct.PLL.PLLState = RCC_PLL_ON;
 128:Core/Src/main.c ****   RCC_OscInitStruct.PLL.PLLSource = RCC_PLLSOURCE_HSE;
 129:Core/Src/main.c ****   RCC_OscInitStruct.PLL.PLLMUL = RCC_PLL_MUL9;
 130:Core/Src/main.c ****   if (HAL_RCC_OscConfig(&RCC_OscInitStruct) != HAL_OK)
 131:Core/Src/main.c ****   {
 132:Core/Src/main.c ****     Error_Handler();
 133:Core/Src/main.c ****   }
 134:Core/Src/main.c ****   /** Initializes the CPU, AHB and APB buses clocks
 135:Core/Src/main.c ****   */
 136:Core/Src/main.c ****   RCC_ClkInitStruct.ClockType = RCC_CLOCKTYPE_HCLK|RCC_CLOCKTYPE_SYSCLK
 137:Core/Src/main.c ****                               |RCC_CLOCKTYPE_PCLK1|RCC_CLOCKTYPE_PCLK2;
 138:Core/Src/main.c ****   RCC_ClkInitStruct.SYSCLKSource = RCC_SYSCLKSOURCE_PLLCLK;
 139:Core/Src/main.c ****   RCC_ClkInitStruct.AHBCLKDivider = RCC_SYSCLK_DIV1;
 140:Core/Src/main.c ****   RCC_ClkInitStruct.APB1CLKDivider = RCC_HCLK_DIV2;
 141:Core/Src/main.c ****   RCC_ClkInitStruct.APB2CLKDivider = RCC_HCLK_DIV1;
 142:Core/Src/main.c **** 
 143:Core/Src/main.c ****   if (HAL_RCC_ClockConfig(&RCC_ClkInitStruct, FLASH_LATENCY_2) != HAL_OK)
 144:Core/Src/main.c ****   {
 145:Core/Src/main.c ****     Error_Handler();
 146:Core/Src/main.c ****   }
 147:Core/Src/main.c ****   PeriphClkInit.PeriphClockSelection = RCC_PERIPHCLK_USB;
ARM GAS  C:\Users\BLACK_~1\AppData\Local\Temp\cc9Zapdh.s 			page 4


 148:Core/Src/main.c ****   PeriphClkInit.UsbClockSelection = RCC_USBCLKSOURCE_PLL_DIV1_5;
 149:Core/Src/main.c ****   if (HAL_RCCEx_PeriphCLKConfig(&PeriphClkInit) != HAL_OK)
 150:Core/Src/main.c ****   {
 151:Core/Src/main.c ****     Error_Handler();
 152:Core/Src/main.c ****   }
 153:Core/Src/main.c **** }
 154:Core/Src/main.c **** 
 155:Core/Src/main.c **** /**
 156:Core/Src/main.c ****   * @brief GPIO Initialization Function
 157:Core/Src/main.c ****   * @param None
 158:Core/Src/main.c ****   * @retval None
 159:Core/Src/main.c ****   */
 160:Core/Src/main.c **** static void MX_GPIO_Init(void)
 161:Core/Src/main.c **** {
  26              		.loc 1 161 1 view -0
  27              		.cfi_startproc
  28              		@ args = 0, pretend = 0, frame = 32
  29              		@ frame_needed = 0, uses_anonymous_args = 0
  30 0000 30B5     		push	{r4, r5, lr}
  31              	.LCFI0:
  32              		.cfi_def_cfa_offset 12
  33              		.cfi_offset 4, -12
  34              		.cfi_offset 5, -8
  35              		.cfi_offset 14, -4
  36 0002 89B0     		sub	sp, sp, #36
  37              	.LCFI1:
  38              		.cfi_def_cfa_offset 48
 162:Core/Src/main.c ****   GPIO_InitTypeDef GPIO_InitStruct = {0};
  39              		.loc 1 162 3 view .LVU1
  40              		.loc 1 162 20 is_stmt 0 view .LVU2
  41 0004 0024     		movs	r4, #0
  42 0006 0494     		str	r4, [sp, #16]
  43 0008 0594     		str	r4, [sp, #20]
  44 000a 0694     		str	r4, [sp, #24]
  45 000c 0794     		str	r4, [sp, #28]
 163:Core/Src/main.c **** 
 164:Core/Src/main.c ****   /* GPIO Ports Clock Enable */
 165:Core/Src/main.c ****   __HAL_RCC_GPIOC_CLK_ENABLE();
  46              		.loc 1 165 3 is_stmt 1 view .LVU3
  47              	.LBB4:
  48              		.loc 1 165 3 view .LVU4
  49              		.loc 1 165 3 view .LVU5
  50 000e 184B     		ldr	r3, .L3
  51 0010 9A69     		ldr	r2, [r3, #24]
  52 0012 42F01002 		orr	r2, r2, #16
  53 0016 9A61     		str	r2, [r3, #24]
  54              		.loc 1 165 3 view .LVU6
  55 0018 9A69     		ldr	r2, [r3, #24]
  56 001a 02F01002 		and	r2, r2, #16
  57 001e 0192     		str	r2, [sp, #4]
  58              		.loc 1 165 3 view .LVU7
  59 0020 019A     		ldr	r2, [sp, #4]
  60              	.LBE4:
  61              		.loc 1 165 3 view .LVU8
 166:Core/Src/main.c ****   __HAL_RCC_GPIOD_CLK_ENABLE();
  62              		.loc 1 166 3 view .LVU9
  63              	.LBB5:
ARM GAS  C:\Users\BLACK_~1\AppData\Local\Temp\cc9Zapdh.s 			page 5


  64              		.loc 1 166 3 view .LVU10
  65              		.loc 1 166 3 view .LVU11
  66 0022 9A69     		ldr	r2, [r3, #24]
  67 0024 42F02002 		orr	r2, r2, #32
  68 0028 9A61     		str	r2, [r3, #24]
  69              		.loc 1 166 3 view .LVU12
  70 002a 9A69     		ldr	r2, [r3, #24]
  71 002c 02F02002 		and	r2, r2, #32
  72 0030 0292     		str	r2, [sp, #8]
  73              		.loc 1 166 3 view .LVU13
  74 0032 029A     		ldr	r2, [sp, #8]
  75              	.LBE5:
  76              		.loc 1 166 3 view .LVU14
 167:Core/Src/main.c ****   __HAL_RCC_GPIOA_CLK_ENABLE();
  77              		.loc 1 167 3 view .LVU15
  78              	.LBB6:
  79              		.loc 1 167 3 view .LVU16
  80              		.loc 1 167 3 view .LVU17
  81 0034 9A69     		ldr	r2, [r3, #24]
  82 0036 42F00402 		orr	r2, r2, #4
  83 003a 9A61     		str	r2, [r3, #24]
  84              		.loc 1 167 3 view .LVU18
  85 003c 9B69     		ldr	r3, [r3, #24]
  86 003e 03F00403 		and	r3, r3, #4
  87 0042 0393     		str	r3, [sp, #12]
  88              		.loc 1 167 3 view .LVU19
  89 0044 039B     		ldr	r3, [sp, #12]
  90              	.LBE6:
  91              		.loc 1 167 3 view .LVU20
 168:Core/Src/main.c **** 
 169:Core/Src/main.c ****   /*Configure GPIO pin Output Level */
 170:Core/Src/main.c ****   HAL_GPIO_WritePin(GPIOC, GPIO_PIN_13, GPIO_PIN_RESET);
  92              		.loc 1 170 3 view .LVU21
  93 0046 0B4D     		ldr	r5, .L3+4
  94 0048 2246     		mov	r2, r4
  95 004a 4FF40051 		mov	r1, #8192
  96 004e 2846     		mov	r0, r5
  97 0050 FFF7FEFF 		bl	HAL_GPIO_WritePin
  98              	.LVL0:
 171:Core/Src/main.c **** 
 172:Core/Src/main.c ****   /*Configure GPIO pin : PC13 */
 173:Core/Src/main.c ****   GPIO_InitStruct.Pin = GPIO_PIN_13;
  99              		.loc 1 173 3 view .LVU22
 100              		.loc 1 173 23 is_stmt 0 view .LVU23
 101 0054 4FF40053 		mov	r3, #8192
 102 0058 0493     		str	r3, [sp, #16]
 174:Core/Src/main.c ****   GPIO_InitStruct.Mode = GPIO_MODE_OUTPUT_PP;
 103              		.loc 1 174 3 is_stmt 1 view .LVU24
 104              		.loc 1 174 24 is_stmt 0 view .LVU25
 105 005a 0123     		movs	r3, #1
 106 005c 0593     		str	r3, [sp, #20]
 175:Core/Src/main.c ****   GPIO_InitStruct.Pull = GPIO_NOPULL;
 107              		.loc 1 175 3 is_stmt 1 view .LVU26
 108              		.loc 1 175 24 is_stmt 0 view .LVU27
 109 005e 0694     		str	r4, [sp, #24]
 176:Core/Src/main.c ****   GPIO_InitStruct.Speed = GPIO_SPEED_FREQ_LOW;
 110              		.loc 1 176 3 is_stmt 1 view .LVU28
ARM GAS  C:\Users\BLACK_~1\AppData\Local\Temp\cc9Zapdh.s 			page 6


 111              		.loc 1 176 25 is_stmt 0 view .LVU29
 112 0060 0223     		movs	r3, #2
 113 0062 0793     		str	r3, [sp, #28]
 177:Core/Src/main.c ****   HAL_GPIO_Init(GPIOC, &GPIO_InitStruct);
 114              		.loc 1 177 3 is_stmt 1 view .LVU30
 115 0064 04A9     		add	r1, sp, #16
 116 0066 2846     		mov	r0, r5
 117 0068 FFF7FEFF 		bl	HAL_GPIO_Init
 118              	.LVL1:
 178:Core/Src/main.c **** 
 179:Core/Src/main.c **** }
 119              		.loc 1 179 1 is_stmt 0 view .LVU31
 120 006c 09B0     		add	sp, sp, #36
 121              	.LCFI2:
 122              		.cfi_def_cfa_offset 12
 123              		@ sp needed
 124 006e 30BD     		pop	{r4, r5, pc}
 125              	.L4:
 126              		.align	2
 127              	.L3:
 128 0070 00100240 		.word	1073876992
 129 0074 00100140 		.word	1073811456
 130              		.cfi_endproc
 131              	.LFE70:
 133              		.section	.text._write,"ax",%progbits
 134              		.align	1
 135              		.global	_write
 136              		.syntax unified
 137              		.thumb
 138              		.thumb_func
 140              	_write:
 141              	.LVL2:
 142              	.LFB71:
 180:Core/Src/main.c **** 
 181:Core/Src/main.c **** /* USER CODE BEGIN 4 */
 182:Core/Src/main.c **** 
 183:Core/Src/main.c **** /* transmit data to usb */
 184:Core/Src/main.c **** int _write(int file, char *data, int len)
 185:Core/Src/main.c **** {
 143              		.loc 1 185 1 is_stmt 1 view -0
 144              		.cfi_startproc
 145              		@ args = 0, pretend = 0, frame = 0
 146              		@ frame_needed = 0, uses_anonymous_args = 0
 147              		.loc 1 185 1 is_stmt 0 view .LVU33
 148 0000 08B5     		push	{r3, lr}
 149              	.LCFI3:
 150              		.cfi_def_cfa_offset 8
 151              		.cfi_offset 3, -8
 152              		.cfi_offset 14, -4
 186:Core/Src/main.c ****   if ((file != STDOUT_FILENO) && (file != STDERR_FILENO))
 153              		.loc 1 186 3 is_stmt 1 view .LVU34
 154              		.loc 1 186 31 is_stmt 0 view .LVU35
 155 0002 431E     		subs	r3, r0, #1
 156              		.loc 1 186 6 view .LVU36
 157 0004 012B     		cmp	r3, #1
 158 0006 05D8     		bhi	.L9
 159 0008 0846     		mov	r0, r1
ARM GAS  C:\Users\BLACK_~1\AppData\Local\Temp\cc9Zapdh.s 			page 7


 160              	.LVL3:
 161              		.loc 1 186 6 view .LVU37
 162 000a 1146     		mov	r1, r2
 163              	.LVL4:
 187:Core/Src/main.c ****   {
 188:Core/Src/main.c ****     errno = EBADF;
 189:Core/Src/main.c ****     return -1;
 190:Core/Src/main.c ****   }
 191:Core/Src/main.c ****   uint8_t status = CDC_Transmit_FS((uint8_t *)data, len);
 164              		.loc 1 191 3 is_stmt 1 view .LVU38
 165              		.loc 1 191 20 is_stmt 0 view .LVU39
 166 000c FFF7FEFF 		bl	CDC_Transmit_FS
 167              	.LVL5:
 192:Core/Src/main.c ****   return status;
 168              		.loc 1 192 3 is_stmt 1 view .LVU40
 169 0010 C0B2     		uxtb	r0, r0
 170              	.LVL6:
 171              	.L5:
 193:Core/Src/main.c **** }
 172              		.loc 1 193 1 is_stmt 0 view .LVU41
 173 0012 08BD     		pop	{r3, pc}
 174              	.LVL7:
 175              	.L9:
 188:Core/Src/main.c ****     return -1;
 176              		.loc 1 188 5 is_stmt 1 view .LVU42
 177 0014 FFF7FEFF 		bl	__errno
 178              	.LVL8:
 188:Core/Src/main.c ****     return -1;
 179              		.loc 1 188 11 is_stmt 0 view .LVU43
 180 0018 0923     		movs	r3, #9
 181 001a 0360     		str	r3, [r0]
 189:Core/Src/main.c ****   }
 182              		.loc 1 189 5 is_stmt 1 view .LVU44
 189:Core/Src/main.c ****   }
 183              		.loc 1 189 12 is_stmt 0 view .LVU45
 184 001c 4FF0FF30 		mov	r0, #-1
 185 0020 F7E7     		b	.L5
 186              		.cfi_endproc
 187              	.LFE71:
 189              		.section	.text.Error_Handler,"ax",%progbits
 190              		.align	1
 191              		.global	Error_Handler
 192              		.syntax unified
 193              		.thumb
 194              		.thumb_func
 196              	Error_Handler:
 197              	.LFB72:
 194:Core/Src/main.c **** 
 195:Core/Src/main.c **** /* USER CODE END 4 */
 196:Core/Src/main.c **** 
 197:Core/Src/main.c **** /**
 198:Core/Src/main.c ****   * @brief  This function is executed in case of error occurrence.
 199:Core/Src/main.c ****   * @retval None
 200:Core/Src/main.c ****   */
 201:Core/Src/main.c **** void Error_Handler(void)
 202:Core/Src/main.c **** {
 198              		.loc 1 202 1 is_stmt 1 view -0
ARM GAS  C:\Users\BLACK_~1\AppData\Local\Temp\cc9Zapdh.s 			page 8


 199              		.cfi_startproc
 200              		@ Volatile: function does not return.
 201              		@ args = 0, pretend = 0, frame = 0
 202              		@ frame_needed = 0, uses_anonymous_args = 0
 203              		@ link register save eliminated.
 203:Core/Src/main.c ****   /* USER CODE BEGIN Error_Handler_Debug */
 204:Core/Src/main.c ****   /* User can add his own implementation to report the HAL error return state */
 205:Core/Src/main.c ****   __disable_irq();
 204              		.loc 1 205 3 view .LVU47
 205              	.LBB7:
 206              	.LBI7:
 207              		.file 2 "Drivers/CMSIS/Include/cmsis_gcc.h"
   1:Drivers/CMSIS/Include/cmsis_gcc.h **** /**************************************************************************//**
   2:Drivers/CMSIS/Include/cmsis_gcc.h ****  * @file     cmsis_gcc.h
   3:Drivers/CMSIS/Include/cmsis_gcc.h ****  * @brief    CMSIS compiler GCC header file
   4:Drivers/CMSIS/Include/cmsis_gcc.h ****  * @version  V5.0.4
   5:Drivers/CMSIS/Include/cmsis_gcc.h ****  * @date     09. April 2018
   6:Drivers/CMSIS/Include/cmsis_gcc.h ****  ******************************************************************************/
   7:Drivers/CMSIS/Include/cmsis_gcc.h **** /*
   8:Drivers/CMSIS/Include/cmsis_gcc.h ****  * Copyright (c) 2009-2018 Arm Limited. All rights reserved.
   9:Drivers/CMSIS/Include/cmsis_gcc.h ****  *
  10:Drivers/CMSIS/Include/cmsis_gcc.h ****  * SPDX-License-Identifier: Apache-2.0
  11:Drivers/CMSIS/Include/cmsis_gcc.h ****  *
  12:Drivers/CMSIS/Include/cmsis_gcc.h ****  * Licensed under the Apache License, Version 2.0 (the License); you may
  13:Drivers/CMSIS/Include/cmsis_gcc.h ****  * not use this file except in compliance with the License.
  14:Drivers/CMSIS/Include/cmsis_gcc.h ****  * You may obtain a copy of the License at
  15:Drivers/CMSIS/Include/cmsis_gcc.h ****  *
  16:Drivers/CMSIS/Include/cmsis_gcc.h ****  * www.apache.org/licenses/LICENSE-2.0
  17:Drivers/CMSIS/Include/cmsis_gcc.h ****  *
  18:Drivers/CMSIS/Include/cmsis_gcc.h ****  * Unless required by applicable law or agreed to in writing, software
  19:Drivers/CMSIS/Include/cmsis_gcc.h ****  * distributed under the License is distributed on an AS IS BASIS, WITHOUT
  20:Drivers/CMSIS/Include/cmsis_gcc.h ****  * WARRANTIES OR CONDITIONS OF ANY KIND, either express or implied.
  21:Drivers/CMSIS/Include/cmsis_gcc.h ****  * See the License for the specific language governing permissions and
  22:Drivers/CMSIS/Include/cmsis_gcc.h ****  * limitations under the License.
  23:Drivers/CMSIS/Include/cmsis_gcc.h ****  */
  24:Drivers/CMSIS/Include/cmsis_gcc.h **** 
  25:Drivers/CMSIS/Include/cmsis_gcc.h **** #ifndef __CMSIS_GCC_H
  26:Drivers/CMSIS/Include/cmsis_gcc.h **** #define __CMSIS_GCC_H
  27:Drivers/CMSIS/Include/cmsis_gcc.h **** 
  28:Drivers/CMSIS/Include/cmsis_gcc.h **** /* ignore some GCC warnings */
  29:Drivers/CMSIS/Include/cmsis_gcc.h **** #pragma GCC diagnostic push
  30:Drivers/CMSIS/Include/cmsis_gcc.h **** #pragma GCC diagnostic ignored "-Wsign-conversion"
  31:Drivers/CMSIS/Include/cmsis_gcc.h **** #pragma GCC diagnostic ignored "-Wconversion"
  32:Drivers/CMSIS/Include/cmsis_gcc.h **** #pragma GCC diagnostic ignored "-Wunused-parameter"
  33:Drivers/CMSIS/Include/cmsis_gcc.h **** 
  34:Drivers/CMSIS/Include/cmsis_gcc.h **** /* Fallback for __has_builtin */
  35:Drivers/CMSIS/Include/cmsis_gcc.h **** #ifndef __has_builtin
  36:Drivers/CMSIS/Include/cmsis_gcc.h ****   #define __has_builtin(x) (0)
  37:Drivers/CMSIS/Include/cmsis_gcc.h **** #endif
  38:Drivers/CMSIS/Include/cmsis_gcc.h **** 
  39:Drivers/CMSIS/Include/cmsis_gcc.h **** /* CMSIS compiler specific defines */
  40:Drivers/CMSIS/Include/cmsis_gcc.h **** #ifndef   __ASM
  41:Drivers/CMSIS/Include/cmsis_gcc.h ****   #define __ASM                                  __asm
  42:Drivers/CMSIS/Include/cmsis_gcc.h **** #endif
  43:Drivers/CMSIS/Include/cmsis_gcc.h **** #ifndef   __INLINE
  44:Drivers/CMSIS/Include/cmsis_gcc.h ****   #define __INLINE                               inline
  45:Drivers/CMSIS/Include/cmsis_gcc.h **** #endif
ARM GAS  C:\Users\BLACK_~1\AppData\Local\Temp\cc9Zapdh.s 			page 9


  46:Drivers/CMSIS/Include/cmsis_gcc.h **** #ifndef   __STATIC_INLINE
  47:Drivers/CMSIS/Include/cmsis_gcc.h ****   #define __STATIC_INLINE                        static inline
  48:Drivers/CMSIS/Include/cmsis_gcc.h **** #endif
  49:Drivers/CMSIS/Include/cmsis_gcc.h **** #ifndef   __STATIC_FORCEINLINE                 
  50:Drivers/CMSIS/Include/cmsis_gcc.h ****   #define __STATIC_FORCEINLINE                   __attribute__((always_inline)) static inline
  51:Drivers/CMSIS/Include/cmsis_gcc.h **** #endif                                           
  52:Drivers/CMSIS/Include/cmsis_gcc.h **** #ifndef   __NO_RETURN
  53:Drivers/CMSIS/Include/cmsis_gcc.h ****   #define __NO_RETURN                            __attribute__((__noreturn__))
  54:Drivers/CMSIS/Include/cmsis_gcc.h **** #endif
  55:Drivers/CMSIS/Include/cmsis_gcc.h **** #ifndef   __USED
  56:Drivers/CMSIS/Include/cmsis_gcc.h ****   #define __USED                                 __attribute__((used))
  57:Drivers/CMSIS/Include/cmsis_gcc.h **** #endif
  58:Drivers/CMSIS/Include/cmsis_gcc.h **** #ifndef   __WEAK
  59:Drivers/CMSIS/Include/cmsis_gcc.h ****   #define __WEAK                                 __attribute__((weak))
  60:Drivers/CMSIS/Include/cmsis_gcc.h **** #endif
  61:Drivers/CMSIS/Include/cmsis_gcc.h **** #ifndef   __PACKED
  62:Drivers/CMSIS/Include/cmsis_gcc.h ****   #define __PACKED                               __attribute__((packed, aligned(1)))
  63:Drivers/CMSIS/Include/cmsis_gcc.h **** #endif
  64:Drivers/CMSIS/Include/cmsis_gcc.h **** #ifndef   __PACKED_STRUCT
  65:Drivers/CMSIS/Include/cmsis_gcc.h ****   #define __PACKED_STRUCT                        struct __attribute__((packed, aligned(1)))
  66:Drivers/CMSIS/Include/cmsis_gcc.h **** #endif
  67:Drivers/CMSIS/Include/cmsis_gcc.h **** #ifndef   __PACKED_UNION
  68:Drivers/CMSIS/Include/cmsis_gcc.h ****   #define __PACKED_UNION                         union __attribute__((packed, aligned(1)))
  69:Drivers/CMSIS/Include/cmsis_gcc.h **** #endif
  70:Drivers/CMSIS/Include/cmsis_gcc.h **** #ifndef   __UNALIGNED_UINT32        /* deprecated */
  71:Drivers/CMSIS/Include/cmsis_gcc.h ****   #pragma GCC diagnostic push
  72:Drivers/CMSIS/Include/cmsis_gcc.h ****   #pragma GCC diagnostic ignored "-Wpacked"
  73:Drivers/CMSIS/Include/cmsis_gcc.h ****   #pragma GCC diagnostic ignored "-Wattributes"
  74:Drivers/CMSIS/Include/cmsis_gcc.h ****   struct __attribute__((packed)) T_UINT32 { uint32_t v; };
  75:Drivers/CMSIS/Include/cmsis_gcc.h ****   #pragma GCC diagnostic pop
  76:Drivers/CMSIS/Include/cmsis_gcc.h ****   #define __UNALIGNED_UINT32(x)                  (((struct T_UINT32 *)(x))->v)
  77:Drivers/CMSIS/Include/cmsis_gcc.h **** #endif
  78:Drivers/CMSIS/Include/cmsis_gcc.h **** #ifndef   __UNALIGNED_UINT16_WRITE
  79:Drivers/CMSIS/Include/cmsis_gcc.h ****   #pragma GCC diagnostic push
  80:Drivers/CMSIS/Include/cmsis_gcc.h ****   #pragma GCC diagnostic ignored "-Wpacked"
  81:Drivers/CMSIS/Include/cmsis_gcc.h ****   #pragma GCC diagnostic ignored "-Wattributes"
  82:Drivers/CMSIS/Include/cmsis_gcc.h ****   __PACKED_STRUCT T_UINT16_WRITE { uint16_t v; };
  83:Drivers/CMSIS/Include/cmsis_gcc.h ****   #pragma GCC diagnostic pop
  84:Drivers/CMSIS/Include/cmsis_gcc.h ****   #define __UNALIGNED_UINT16_WRITE(addr, val)    (void)((((struct T_UINT16_WRITE *)(void *)(addr))-
  85:Drivers/CMSIS/Include/cmsis_gcc.h **** #endif
  86:Drivers/CMSIS/Include/cmsis_gcc.h **** #ifndef   __UNALIGNED_UINT16_READ
  87:Drivers/CMSIS/Include/cmsis_gcc.h ****   #pragma GCC diagnostic push
  88:Drivers/CMSIS/Include/cmsis_gcc.h ****   #pragma GCC diagnostic ignored "-Wpacked"
  89:Drivers/CMSIS/Include/cmsis_gcc.h ****   #pragma GCC diagnostic ignored "-Wattributes"
  90:Drivers/CMSIS/Include/cmsis_gcc.h ****   __PACKED_STRUCT T_UINT16_READ { uint16_t v; };
  91:Drivers/CMSIS/Include/cmsis_gcc.h ****   #pragma GCC diagnostic pop
  92:Drivers/CMSIS/Include/cmsis_gcc.h ****   #define __UNALIGNED_UINT16_READ(addr)          (((const struct T_UINT16_READ *)(const void *)(add
  93:Drivers/CMSIS/Include/cmsis_gcc.h **** #endif
  94:Drivers/CMSIS/Include/cmsis_gcc.h **** #ifndef   __UNALIGNED_UINT32_WRITE
  95:Drivers/CMSIS/Include/cmsis_gcc.h ****   #pragma GCC diagnostic push
  96:Drivers/CMSIS/Include/cmsis_gcc.h ****   #pragma GCC diagnostic ignored "-Wpacked"
  97:Drivers/CMSIS/Include/cmsis_gcc.h ****   #pragma GCC diagnostic ignored "-Wattributes"
  98:Drivers/CMSIS/Include/cmsis_gcc.h ****   __PACKED_STRUCT T_UINT32_WRITE { uint32_t v; };
  99:Drivers/CMSIS/Include/cmsis_gcc.h ****   #pragma GCC diagnostic pop
 100:Drivers/CMSIS/Include/cmsis_gcc.h ****   #define __UNALIGNED_UINT32_WRITE(addr, val)    (void)((((struct T_UINT32_WRITE *)(void *)(addr))-
 101:Drivers/CMSIS/Include/cmsis_gcc.h **** #endif
 102:Drivers/CMSIS/Include/cmsis_gcc.h **** #ifndef   __UNALIGNED_UINT32_READ
ARM GAS  C:\Users\BLACK_~1\AppData\Local\Temp\cc9Zapdh.s 			page 10


 103:Drivers/CMSIS/Include/cmsis_gcc.h ****   #pragma GCC diagnostic push
 104:Drivers/CMSIS/Include/cmsis_gcc.h ****   #pragma GCC diagnostic ignored "-Wpacked"
 105:Drivers/CMSIS/Include/cmsis_gcc.h ****   #pragma GCC diagnostic ignored "-Wattributes"
 106:Drivers/CMSIS/Include/cmsis_gcc.h ****   __PACKED_STRUCT T_UINT32_READ { uint32_t v; };
 107:Drivers/CMSIS/Include/cmsis_gcc.h ****   #pragma GCC diagnostic pop
 108:Drivers/CMSIS/Include/cmsis_gcc.h ****   #define __UNALIGNED_UINT32_READ(addr)          (((const struct T_UINT32_READ *)(const void *)(add
 109:Drivers/CMSIS/Include/cmsis_gcc.h **** #endif
 110:Drivers/CMSIS/Include/cmsis_gcc.h **** #ifndef   __ALIGNED
 111:Drivers/CMSIS/Include/cmsis_gcc.h ****   #define __ALIGNED(x)                           __attribute__((aligned(x)))
 112:Drivers/CMSIS/Include/cmsis_gcc.h **** #endif
 113:Drivers/CMSIS/Include/cmsis_gcc.h **** #ifndef   __RESTRICT
 114:Drivers/CMSIS/Include/cmsis_gcc.h ****   #define __RESTRICT                             __restrict
 115:Drivers/CMSIS/Include/cmsis_gcc.h **** #endif
 116:Drivers/CMSIS/Include/cmsis_gcc.h **** 
 117:Drivers/CMSIS/Include/cmsis_gcc.h **** 
 118:Drivers/CMSIS/Include/cmsis_gcc.h **** /* ###########################  Core Function Access  ########################### */
 119:Drivers/CMSIS/Include/cmsis_gcc.h **** /** \ingroup  CMSIS_Core_FunctionInterface
 120:Drivers/CMSIS/Include/cmsis_gcc.h ****     \defgroup CMSIS_Core_RegAccFunctions CMSIS Core Register Access Functions
 121:Drivers/CMSIS/Include/cmsis_gcc.h ****   @{
 122:Drivers/CMSIS/Include/cmsis_gcc.h ****  */
 123:Drivers/CMSIS/Include/cmsis_gcc.h **** 
 124:Drivers/CMSIS/Include/cmsis_gcc.h **** /**
 125:Drivers/CMSIS/Include/cmsis_gcc.h ****   \brief   Enable IRQ Interrupts
 126:Drivers/CMSIS/Include/cmsis_gcc.h ****   \details Enables IRQ interrupts by clearing the I-bit in the CPSR.
 127:Drivers/CMSIS/Include/cmsis_gcc.h ****            Can only be executed in Privileged modes.
 128:Drivers/CMSIS/Include/cmsis_gcc.h ****  */
 129:Drivers/CMSIS/Include/cmsis_gcc.h **** __STATIC_FORCEINLINE void __enable_irq(void)
 130:Drivers/CMSIS/Include/cmsis_gcc.h **** {
 131:Drivers/CMSIS/Include/cmsis_gcc.h ****   __ASM volatile ("cpsie i" : : : "memory");
 132:Drivers/CMSIS/Include/cmsis_gcc.h **** }
 133:Drivers/CMSIS/Include/cmsis_gcc.h **** 
 134:Drivers/CMSIS/Include/cmsis_gcc.h **** 
 135:Drivers/CMSIS/Include/cmsis_gcc.h **** /**
 136:Drivers/CMSIS/Include/cmsis_gcc.h ****   \brief   Disable IRQ Interrupts
 137:Drivers/CMSIS/Include/cmsis_gcc.h ****   \details Disables IRQ interrupts by setting the I-bit in the CPSR.
 138:Drivers/CMSIS/Include/cmsis_gcc.h ****            Can only be executed in Privileged modes.
 139:Drivers/CMSIS/Include/cmsis_gcc.h ****  */
 140:Drivers/CMSIS/Include/cmsis_gcc.h **** __STATIC_FORCEINLINE void __disable_irq(void)
 208              		.loc 2 140 27 view .LVU48
 209              	.LBB8:
 141:Drivers/CMSIS/Include/cmsis_gcc.h **** {
 142:Drivers/CMSIS/Include/cmsis_gcc.h ****   __ASM volatile ("cpsid i" : : : "memory");
 210              		.loc 2 142 3 view .LVU49
 211              		.syntax unified
 212              	@ 142 "Drivers/CMSIS/Include/cmsis_gcc.h" 1
 213 0000 72B6     		cpsid i
 214              	@ 0 "" 2
 215              		.thumb
 216              		.syntax unified
 217              	.L11:
 218              	.LBE8:
 219              	.LBE7:
 206:Core/Src/main.c ****   while (1)
 220              		.loc 1 206 3 discriminator 1 view .LVU50
 207:Core/Src/main.c ****   {
 208:Core/Src/main.c ****   }
 221              		.loc 1 208 3 discriminator 1 view .LVU51
ARM GAS  C:\Users\BLACK_~1\AppData\Local\Temp\cc9Zapdh.s 			page 11


 206:Core/Src/main.c ****   while (1)
 222              		.loc 1 206 9 discriminator 1 view .LVU52
 223 0002 FEE7     		b	.L11
 224              		.cfi_endproc
 225              	.LFE72:
 227              		.section	.text.SystemClock_Config,"ax",%progbits
 228              		.align	1
 229              		.global	SystemClock_Config
 230              		.syntax unified
 231              		.thumb
 232              		.thumb_func
 234              	SystemClock_Config:
 235              	.LFB69:
 115:Core/Src/main.c ****   RCC_OscInitTypeDef RCC_OscInitStruct = {0};
 236              		.loc 1 115 1 view -0
 237              		.cfi_startproc
 238              		@ args = 0, pretend = 0, frame = 80
 239              		@ frame_needed = 0, uses_anonymous_args = 0
 240 0000 00B5     		push	{lr}
 241              	.LCFI4:
 242              		.cfi_def_cfa_offset 4
 243              		.cfi_offset 14, -4
 244 0002 95B0     		sub	sp, sp, #84
 245              	.LCFI5:
 246              		.cfi_def_cfa_offset 88
 116:Core/Src/main.c ****   RCC_ClkInitTypeDef RCC_ClkInitStruct = {0};
 247              		.loc 1 116 3 view .LVU54
 116:Core/Src/main.c ****   RCC_ClkInitTypeDef RCC_ClkInitStruct = {0};
 248              		.loc 1 116 22 is_stmt 0 view .LVU55
 249 0004 2822     		movs	r2, #40
 250 0006 0021     		movs	r1, #0
 251 0008 0DEB0200 		add	r0, sp, r2
 252 000c FFF7FEFF 		bl	memset
 253              	.LVL9:
 117:Core/Src/main.c ****   RCC_PeriphCLKInitTypeDef PeriphClkInit = {0};
 254              		.loc 1 117 3 is_stmt 1 view .LVU56
 117:Core/Src/main.c ****   RCC_PeriphCLKInitTypeDef PeriphClkInit = {0};
 255              		.loc 1 117 22 is_stmt 0 view .LVU57
 256 0010 0023     		movs	r3, #0
 257 0012 0593     		str	r3, [sp, #20]
 258 0014 0693     		str	r3, [sp, #24]
 259 0016 0793     		str	r3, [sp, #28]
 260 0018 0893     		str	r3, [sp, #32]
 261 001a 0993     		str	r3, [sp, #36]
 118:Core/Src/main.c **** 
 262              		.loc 1 118 3 is_stmt 1 view .LVU58
 118:Core/Src/main.c **** 
 263              		.loc 1 118 28 is_stmt 0 view .LVU59
 264 001c 0193     		str	r3, [sp, #4]
 265 001e 0293     		str	r3, [sp, #8]
 266 0020 0393     		str	r3, [sp, #12]
 267 0022 0493     		str	r3, [sp, #16]
 123:Core/Src/main.c ****   RCC_OscInitStruct.HSEState = RCC_HSE_ON;
 268              		.loc 1 123 3 is_stmt 1 view .LVU60
 123:Core/Src/main.c ****   RCC_OscInitStruct.HSEState = RCC_HSE_ON;
 269              		.loc 1 123 36 is_stmt 0 view .LVU61
 270 0024 0122     		movs	r2, #1
ARM GAS  C:\Users\BLACK_~1\AppData\Local\Temp\cc9Zapdh.s 			page 12


 271 0026 0A92     		str	r2, [sp, #40]
 124:Core/Src/main.c ****   RCC_OscInitStruct.HSEPredivValue = RCC_HSE_PREDIV_DIV1;
 272              		.loc 1 124 3 is_stmt 1 view .LVU62
 124:Core/Src/main.c ****   RCC_OscInitStruct.HSEPredivValue = RCC_HSE_PREDIV_DIV1;
 273              		.loc 1 124 30 is_stmt 0 view .LVU63
 274 0028 4FF48033 		mov	r3, #65536
 275 002c 0B93     		str	r3, [sp, #44]
 125:Core/Src/main.c ****   RCC_OscInitStruct.HSIState = RCC_HSI_ON;
 276              		.loc 1 125 3 is_stmt 1 view .LVU64
 126:Core/Src/main.c ****   RCC_OscInitStruct.PLL.PLLState = RCC_PLL_ON;
 277              		.loc 1 126 3 view .LVU65
 126:Core/Src/main.c ****   RCC_OscInitStruct.PLL.PLLState = RCC_PLL_ON;
 278              		.loc 1 126 30 is_stmt 0 view .LVU66
 279 002e 0E92     		str	r2, [sp, #56]
 127:Core/Src/main.c ****   RCC_OscInitStruct.PLL.PLLSource = RCC_PLLSOURCE_HSE;
 280              		.loc 1 127 3 is_stmt 1 view .LVU67
 127:Core/Src/main.c ****   RCC_OscInitStruct.PLL.PLLSource = RCC_PLLSOURCE_HSE;
 281              		.loc 1 127 34 is_stmt 0 view .LVU68
 282 0030 0222     		movs	r2, #2
 283 0032 1192     		str	r2, [sp, #68]
 128:Core/Src/main.c ****   RCC_OscInitStruct.PLL.PLLMUL = RCC_PLL_MUL9;
 284              		.loc 1 128 3 is_stmt 1 view .LVU69
 128:Core/Src/main.c ****   RCC_OscInitStruct.PLL.PLLMUL = RCC_PLL_MUL9;
 285              		.loc 1 128 35 is_stmt 0 view .LVU70
 286 0034 1293     		str	r3, [sp, #72]
 129:Core/Src/main.c ****   if (HAL_RCC_OscConfig(&RCC_OscInitStruct) != HAL_OK)
 287              		.loc 1 129 3 is_stmt 1 view .LVU71
 129:Core/Src/main.c ****   if (HAL_RCC_OscConfig(&RCC_OscInitStruct) != HAL_OK)
 288              		.loc 1 129 32 is_stmt 0 view .LVU72
 289 0036 4FF4E013 		mov	r3, #1835008
 290 003a 1393     		str	r3, [sp, #76]
 130:Core/Src/main.c ****   {
 291              		.loc 1 130 3 is_stmt 1 view .LVU73
 130:Core/Src/main.c ****   {
 292              		.loc 1 130 7 is_stmt 0 view .LVU74
 293 003c 0AA8     		add	r0, sp, #40
 294 003e FFF7FEFF 		bl	HAL_RCC_OscConfig
 295              	.LVL10:
 130:Core/Src/main.c ****   {
 296              		.loc 1 130 6 view .LVU75
 297 0042 C0B9     		cbnz	r0, .L17
 136:Core/Src/main.c ****                               |RCC_CLOCKTYPE_PCLK1|RCC_CLOCKTYPE_PCLK2;
 298              		.loc 1 136 3 is_stmt 1 view .LVU76
 136:Core/Src/main.c ****                               |RCC_CLOCKTYPE_PCLK1|RCC_CLOCKTYPE_PCLK2;
 299              		.loc 1 136 31 is_stmt 0 view .LVU77
 300 0044 0F23     		movs	r3, #15
 301 0046 0593     		str	r3, [sp, #20]
 138:Core/Src/main.c ****   RCC_ClkInitStruct.AHBCLKDivider = RCC_SYSCLK_DIV1;
 302              		.loc 1 138 3 is_stmt 1 view .LVU78
 138:Core/Src/main.c ****   RCC_ClkInitStruct.AHBCLKDivider = RCC_SYSCLK_DIV1;
 303              		.loc 1 138 34 is_stmt 0 view .LVU79
 304 0048 0221     		movs	r1, #2
 305 004a 0691     		str	r1, [sp, #24]
 139:Core/Src/main.c ****   RCC_ClkInitStruct.APB1CLKDivider = RCC_HCLK_DIV2;
 306              		.loc 1 139 3 is_stmt 1 view .LVU80
 139:Core/Src/main.c ****   RCC_ClkInitStruct.APB1CLKDivider = RCC_HCLK_DIV2;
 307              		.loc 1 139 35 is_stmt 0 view .LVU81
ARM GAS  C:\Users\BLACK_~1\AppData\Local\Temp\cc9Zapdh.s 			page 13


 308 004c 0023     		movs	r3, #0
 309 004e 0793     		str	r3, [sp, #28]
 140:Core/Src/main.c ****   RCC_ClkInitStruct.APB2CLKDivider = RCC_HCLK_DIV1;
 310              		.loc 1 140 3 is_stmt 1 view .LVU82
 140:Core/Src/main.c ****   RCC_ClkInitStruct.APB2CLKDivider = RCC_HCLK_DIV1;
 311              		.loc 1 140 36 is_stmt 0 view .LVU83
 312 0050 4FF48062 		mov	r2, #1024
 313 0054 0892     		str	r2, [sp, #32]
 141:Core/Src/main.c **** 
 314              		.loc 1 141 3 is_stmt 1 view .LVU84
 141:Core/Src/main.c **** 
 315              		.loc 1 141 36 is_stmt 0 view .LVU85
 316 0056 0993     		str	r3, [sp, #36]
 143:Core/Src/main.c ****   {
 317              		.loc 1 143 3 is_stmt 1 view .LVU86
 143:Core/Src/main.c ****   {
 318              		.loc 1 143 7 is_stmt 0 view .LVU87
 319 0058 05A8     		add	r0, sp, #20
 320 005a FFF7FEFF 		bl	HAL_RCC_ClockConfig
 321              	.LVL11:
 143:Core/Src/main.c ****   {
 322              		.loc 1 143 6 view .LVU88
 323 005e 60B9     		cbnz	r0, .L18
 147:Core/Src/main.c ****   PeriphClkInit.UsbClockSelection = RCC_USBCLKSOURCE_PLL_DIV1_5;
 324              		.loc 1 147 3 is_stmt 1 view .LVU89
 147:Core/Src/main.c ****   PeriphClkInit.UsbClockSelection = RCC_USBCLKSOURCE_PLL_DIV1_5;
 325              		.loc 1 147 38 is_stmt 0 view .LVU90
 326 0060 1023     		movs	r3, #16
 327 0062 0193     		str	r3, [sp, #4]
 148:Core/Src/main.c ****   if (HAL_RCCEx_PeriphCLKConfig(&PeriphClkInit) != HAL_OK)
 328              		.loc 1 148 3 is_stmt 1 view .LVU91
 148:Core/Src/main.c ****   if (HAL_RCCEx_PeriphCLKConfig(&PeriphClkInit) != HAL_OK)
 329              		.loc 1 148 35 is_stmt 0 view .LVU92
 330 0064 0023     		movs	r3, #0
 331 0066 0493     		str	r3, [sp, #16]
 149:Core/Src/main.c ****   {
 332              		.loc 1 149 3 is_stmt 1 view .LVU93
 149:Core/Src/main.c ****   {
 333              		.loc 1 149 7 is_stmt 0 view .LVU94
 334 0068 01A8     		add	r0, sp, #4
 335 006a FFF7FEFF 		bl	HAL_RCCEx_PeriphCLKConfig
 336              	.LVL12:
 149:Core/Src/main.c ****   {
 337              		.loc 1 149 6 view .LVU95
 338 006e 30B9     		cbnz	r0, .L19
 153:Core/Src/main.c **** 
 339              		.loc 1 153 1 view .LVU96
 340 0070 15B0     		add	sp, sp, #84
 341              	.LCFI6:
 342              		.cfi_remember_state
 343              		.cfi_def_cfa_offset 4
 344              		@ sp needed
 345 0072 5DF804FB 		ldr	pc, [sp], #4
 346              	.L17:
 347              	.LCFI7:
 348              		.cfi_restore_state
 132:Core/Src/main.c ****   }
ARM GAS  C:\Users\BLACK_~1\AppData\Local\Temp\cc9Zapdh.s 			page 14


 349              		.loc 1 132 5 is_stmt 1 view .LVU97
 350 0076 FFF7FEFF 		bl	Error_Handler
 351              	.LVL13:
 352              	.L18:
 145:Core/Src/main.c ****   }
 353              		.loc 1 145 5 view .LVU98
 354 007a FFF7FEFF 		bl	Error_Handler
 355              	.LVL14:
 356              	.L19:
 151:Core/Src/main.c ****   }
 357              		.loc 1 151 5 view .LVU99
 358 007e FFF7FEFF 		bl	Error_Handler
 359              	.LVL15:
 360              		.cfi_endproc
 361              	.LFE69:
 363              		.section	.rodata.main.str1.4,"aMS",%progbits,1
 364              		.align	2
 365              	.LC0:
 366 0000 75736220 		.ascii	"usb ready\000"
 366      72656164 
 366      7900
 367 000a 0000     		.align	2
 368              	.LC1:
 369 000c 6368616F 		.ascii	"chao cau!\000"
 369      20636175 
 369      2100
 370              		.section	.text.main,"ax",%progbits
 371              		.align	1
 372              		.global	main
 373              		.syntax unified
 374              		.thumb
 375              		.thumb_func
 377              	main:
 378              	.LFB68:
  67:Core/Src/main.c ****   /* USER CODE BEGIN 1 */
 379              		.loc 1 67 1 view -0
 380              		.cfi_startproc
 381              		@ Volatile: function does not return.
 382              		@ args = 0, pretend = 0, frame = 0
 383              		@ frame_needed = 0, uses_anonymous_args = 0
 384 0000 08B5     		push	{r3, lr}
 385              	.LCFI8:
 386              		.cfi_def_cfa_offset 8
 387              		.cfi_offset 3, -8
 388              		.cfi_offset 14, -4
  75:Core/Src/main.c **** 
 389              		.loc 1 75 3 view .LVU101
 390 0002 FFF7FEFF 		bl	HAL_Init
 391              	.LVL16:
  82:Core/Src/main.c **** 
 392              		.loc 1 82 3 view .LVU102
 393 0006 FFF7FEFF 		bl	SystemClock_Config
 394              	.LVL17:
  89:Core/Src/main.c ****   MX_USB_DEVICE_Init();
 395              		.loc 1 89 3 view .LVU103
 396 000a FFF7FEFF 		bl	MX_GPIO_Init
 397              	.LVL18:
ARM GAS  C:\Users\BLACK_~1\AppData\Local\Temp\cc9Zapdh.s 			page 15


  90:Core/Src/main.c ****   /* USER CODE BEGIN 2 */
 398              		.loc 1 90 3 view .LVU104
 399 000e FFF7FEFF 		bl	MX_USB_DEVICE_Init
 400              	.LVL19:
  92:Core/Src/main.c ****   printf("usb ready\n");
 401              		.loc 1 92 3 view .LVU105
 402 0012 4FF4FA60 		mov	r0, #2000
 403 0016 FFF7FEFF 		bl	HAL_Delay
 404              	.LVL20:
  93:Core/Src/main.c ****   /* USER CODE END 2 */
 405              		.loc 1 93 3 view .LVU106
 406 001a 0848     		ldr	r0, .L23
 407 001c FFF7FEFF 		bl	puts
 408              	.LVL21:
 409              	.L21:
  98:Core/Src/main.c ****   {
 410              		.loc 1 98 3 discriminator 1 view .LVU107
 100:Core/Src/main.c ****     printf("chao cau!\n");
 411              		.loc 1 100 5 discriminator 1 view .LVU108
 412 0020 4FF40051 		mov	r1, #8192
 413 0024 0648     		ldr	r0, .L23+4
 414 0026 FFF7FEFF 		bl	HAL_GPIO_TogglePin
 415              	.LVL22:
 101:Core/Src/main.c ****     HAL_Delay(1000);
 416              		.loc 1 101 5 discriminator 1 view .LVU109
 417 002a 0648     		ldr	r0, .L23+8
 418 002c FFF7FEFF 		bl	puts
 419              	.LVL23:
 102:Core/Src/main.c ****     /* USER CODE END WHILE */
 420              		.loc 1 102 5 discriminator 1 view .LVU110
 421 0030 4FF47A70 		mov	r0, #1000
 422 0034 FFF7FEFF 		bl	HAL_Delay
 423              	.LVL24:
  98:Core/Src/main.c ****   {
 424              		.loc 1 98 9 discriminator 1 view .LVU111
 425 0038 F2E7     		b	.L21
 426              	.L24:
 427 003a 00BF     		.align	2
 428              	.L23:
 429 003c 00000000 		.word	.LC0
 430 0040 00100140 		.word	1073811456
 431 0044 0C000000 		.word	.LC1
 432              		.cfi_endproc
 433              	.LFE68:
 435              		.text
 436              	.Letext0:
 437              		.file 3 "e:\\gnu arm embedded toolchain\\10 2021.10\\arm-none-eabi\\include\\machine\\_default_typ
 438              		.file 4 "e:\\gnu arm embedded toolchain\\10 2021.10\\arm-none-eabi\\include\\sys\\_stdint.h"
 439              		.file 5 "Drivers/CMSIS/Device/ST/STM32F1xx/Include/stm32f103xb.h"
 440              		.file 6 "Drivers/STM32F1xx_HAL_Driver/Inc/stm32f1xx_hal_rcc.h"
 441              		.file 7 "Drivers/STM32F1xx_HAL_Driver/Inc/stm32f1xx_hal_rcc_ex.h"
 442              		.file 8 "Drivers/STM32F1xx_HAL_Driver/Inc/stm32f1xx_hal_gpio.h"
 443              		.file 9 "Drivers/STM32F1xx_HAL_Driver/Inc/stm32f1xx_hal_def.h"
 444              		.file 10 "e:\\gnu arm embedded toolchain\\10 2021.10\\arm-none-eabi\\include\\sys\\errno.h"
 445              		.file 11 "Drivers/STM32F1xx_HAL_Driver/Inc/stm32f1xx_hal.h"
 446              		.file 12 "USB_DEVICE/App/usb_device.h"
 447              		.file 13 "<built-in>"
ARM GAS  C:\Users\BLACK_~1\AppData\Local\Temp\cc9Zapdh.s 			page 16


ARM GAS  C:\Users\BLACK_~1\AppData\Local\Temp\cc9Zapdh.s 			page 17


DEFINED SYMBOLS
                            *ABS*:00000000 main.c
C:\Users\BLACK_~1\AppData\Local\Temp\cc9Zapdh.s:18     .text.MX_GPIO_Init:00000000 $t
C:\Users\BLACK_~1\AppData\Local\Temp\cc9Zapdh.s:23     .text.MX_GPIO_Init:00000000 MX_GPIO_Init
C:\Users\BLACK_~1\AppData\Local\Temp\cc9Zapdh.s:128    .text.MX_GPIO_Init:00000070 $d
C:\Users\BLACK_~1\AppData\Local\Temp\cc9Zapdh.s:134    .text._write:00000000 $t
C:\Users\BLACK_~1\AppData\Local\Temp\cc9Zapdh.s:140    .text._write:00000000 _write
C:\Users\BLACK_~1\AppData\Local\Temp\cc9Zapdh.s:190    .text.Error_Handler:00000000 $t
C:\Users\BLACK_~1\AppData\Local\Temp\cc9Zapdh.s:196    .text.Error_Handler:00000000 Error_Handler
C:\Users\BLACK_~1\AppData\Local\Temp\cc9Zapdh.s:228    .text.SystemClock_Config:00000000 $t
C:\Users\BLACK_~1\AppData\Local\Temp\cc9Zapdh.s:234    .text.SystemClock_Config:00000000 SystemClock_Config
C:\Users\BLACK_~1\AppData\Local\Temp\cc9Zapdh.s:364    .rodata.main.str1.4:00000000 $d
C:\Users\BLACK_~1\AppData\Local\Temp\cc9Zapdh.s:371    .text.main:00000000 $t
C:\Users\BLACK_~1\AppData\Local\Temp\cc9Zapdh.s:377    .text.main:00000000 main
C:\Users\BLACK_~1\AppData\Local\Temp\cc9Zapdh.s:429    .text.main:0000003c $d

UNDEFINED SYMBOLS
HAL_GPIO_WritePin
HAL_GPIO_Init
CDC_Transmit_FS
__errno
memset
HAL_RCC_OscConfig
HAL_RCC_ClockConfig
HAL_RCCEx_PeriphCLKConfig
HAL_Init
MX_USB_DEVICE_Init
HAL_Delay
puts
HAL_GPIO_TogglePin
